2015-04-02 19:04:59 Error: [MissingControllerException] Controller class CssController could not be found.
Exception Attributes: array (
  'class' => 'CssController',
  'plugin' => NULL,
)
Request URL: /shop/css/bootstrap.min.css
Stack Trace:
#0 /opt/lampp/htdocs/shop/app/webroot/index.php(108): Dispatcher->dispatch(Object(CakeRequest), Object(CakeResponse))
#1 {main}
2015-04-02 19:05:00 Error: [MissingControllerException] Controller class JsController could not be found.
Exception Attributes: array (
  'class' => 'JsController',
  'plugin' => NULL,
)
Request URL: /shop/js/bootstrap.min.js
Stack Trace:
#0 /opt/lampp/htdocs/shop/app/webroot/index.php(108): Dispatcher->dispatch(Object(CakeRequest), Object(CakeResponse))
#1 {main}
2015-04-02 19:22:53 Error: [MissingControllerException] Controller class ProductsController could not be found.
Exception Attributes: array (
  'class' => 'ProductsController',
  'plugin' => NULL,
)
Request URL: /shop/products/
Stack Trace:
#0 /opt/lampp/htdocs/shop/app/webroot/index.php(108): Dispatcher->dispatch(Object(CakeRequest), Object(CakeResponse))
#1 {main}
2015-04-02 19:25:07 Error: [MissingControllerException] Controller class ProductsController could not be found.
Exception Attributes: array (
  'class' => 'ProductsController',
  'plugin' => NULL,
)
Request URL: /shop/products/index
Stack Trace:
#0 /opt/lampp/htdocs/shop/app/webroot/index.php(108): Dispatcher->dispatch(Object(CakeRequest), Object(CakeResponse))
#1 {main}
2015-04-02 19:39:54 Error: [MissingViewException] View file "/opt/lampp/htdocs/shop/app/View/Products/view.ctp" is missing.
Exception Attributes: array (
  'file' => '/opt/lampp/htdocs/shop/app/View/Products/view.ctp',
)
Request URL: /shop/products/view/1
Stack Trace:
#0 /opt/lampp/htdocs/shop/lib/Cake/View/View.php(457): View->_getViewFileName(NULL)
#1 /opt/lampp/htdocs/shop/lib/Cake/Controller/Controller.php(952): View->render(NULL, NULL)
#2 /opt/lampp/htdocs/shop/lib/Cake/Routing/Dispatcher.php(192): Controller->render()
#3 /opt/lampp/htdocs/shop/lib/Cake/Routing/Dispatcher.php(160): Dispatcher->_invoke(Object(ProductsController), Object(CakeRequest), Object(CakeResponse))
#4 /opt/lampp/htdocs/shop/app/webroot/index.php(108): Dispatcher->dispatch(Object(CakeRequest), Object(CakeResponse))
#5 {main}
2015-04-02 19:54:53 Error: [MissingControllerException] Controller class CartsController could not be found.
Exception Attributes: array (
  'class' => 'CartsController',
  'plugin' => NULL,
)
Request URL: /shop/carts/add
Stack Trace:
#0 /opt/lampp/htdocs/shop/app/webroot/index.php(108): Dispatcher->dispatch(Object(CakeRequest), Object(CakeResponse))
#1 {main}
2015-04-02 20:14:40 Error: [MissingActionException] Action CartsController::view() could not be found.
Exception Attributes: array (
  'controller' => 'CartsController',
  'action' => 'view',
)
Request URL: /shop/carts/view
Stack Trace:
#0 /opt/lampp/htdocs/shop/lib/Cake/Routing/Dispatcher.php(185): Controller->invokeAction(Object(CakeRequest))
#1 /opt/lampp/htdocs/shop/lib/Cake/Routing/Dispatcher.php(160): Dispatcher->_invoke(Object(CartsController), Object(CakeRequest), Object(CakeResponse))
#2 /opt/lampp/htdocs/shop/app/webroot/index.php(108): Dispatcher->dispatch(Object(CakeRequest), Object(CakeResponse))
#3 {main}
2015-04-02 20:43:35 Error: [MissingActionException] Action CartsController::view() could not be found.
Exception Attributes: array (
  'controller' => 'CartsController',
  'action' => 'view',
)
Request URL: /shop/carts/view
Stack Trace:
#0 /opt/lampp/htdocs/shop/lib/Cake/Routing/Dispatcher.php(185): Controller->invokeAction(Object(CakeRequest))
#1 /opt/lampp/htdocs/shop/lib/Cake/Routing/Dispatcher.php(160): Dispatcher->_invoke(Object(CartsController), Object(CakeRequest), Object(CakeResponse))
#2 /opt/lampp/htdocs/shop/app/webroot/index.php(108): Dispatcher->dispatch(Object(CakeRequest), Object(CakeResponse))
#3 {main}
2015-04-03 16:37:09 Error: [MissingControllerException] Controller class ProductsController could not be found.
Exception Attributes: array (
  'class' => 'ProductsController',
  'plugin' => NULL,
)
Request URL: /shop/products/view/1
Stack Trace:
#0 /opt/lampp/htdocs/shop/app/webroot/index.php(108): Dispatcher->dispatch(Object(CakeRequest), Object(CakeResponse))
#1 {main}
2015-04-03 16:58:14 Error: [MissingControllerException] Controller class ProductsController could not be found.
Exception Attributes: array (
  'class' => 'ProductsController',
  'plugin' => NULL,
)
Request URL: /shop/products/
Stack Trace:
#0 /opt/lampp/htdocs/shop/app/webroot/index.php(108): Dispatcher->dispatch(Object(CakeRequest), Object(CakeResponse))
#1 {main}
2015-04-03 16:58:32 Error: [MissingControllerException] Controller class ProductsController could not be found.
Exception Attributes: array (
  'class' => 'ProductsController',
  'plugin' => NULL,
)
Request URL: /shop/products/index
Stack Trace:
#0 /opt/lampp/htdocs/shop/app/webroot/index.php(108): Dispatcher->dispatch(Object(CakeRequest), Object(CakeResponse))
#1 {main}
2015-04-03 16:59:25 Error: [MissingActionException] Action CartsController::view() could not be found.
Exception Attributes: array (
  'controller' => 'CartsController',
  'action' => 'view',
)
Request URL: /shop/carts/view
Stack Trace:
#0 /opt/lampp/htdocs/shop/lib/Cake/Routing/Dispatcher.php(185): Controller->invokeAction(Object(CakeRequest))
#1 /opt/lampp/htdocs/shop/lib/Cake/Routing/Dispatcher.php(160): Dispatcher->_invoke(Object(CartsController), Object(CakeRequest), Object(CakeResponse))
#2 /opt/lampp/htdocs/shop/app/webroot/index.php(108): Dispatcher->dispatch(Object(CakeRequest), Object(CakeResponse))
#3 {main}
2015-04-03 16:59:40 Error: [MissingActionException] Action CartsController::view() could not be found.
Exception Attributes: array (
  'controller' => 'CartsController',
  'action' => 'view',
)
Request URL: /shop/carts/view
Stack Trace:
#0 /opt/lampp/htdocs/shop/lib/Cake/Routing/Dispatcher.php(185): Controller->invokeAction(Object(CakeRequest))
#1 /opt/lampp/htdocs/shop/lib/Cake/Routing/Dispatcher.php(160): Dispatcher->_invoke(Object(CartsController), Object(CakeRequest), Object(CakeResponse))
#2 /opt/lampp/htdocs/shop/app/webroot/index.php(108): Dispatcher->dispatch(Object(CakeRequest), Object(CakeResponse))
#3 {main}
2015-04-03 17:39:23 Error: [MissingActionException] Action CartsController::update() could not be found.
Exception Attributes: array (
  'controller' => 'CartsController',
  'action' => 'update',
)
Request URL: /shop/carts/update
Stack Trace:
#0 /opt/lampp/htdocs/shop/lib/Cake/Routing/Dispatcher.php(185): Controller->invokeAction(Object(CakeRequest))
#1 /opt/lampp/htdocs/shop/lib/Cake/Routing/Dispatcher.php(160): Dispatcher->_invoke(Object(CartsController), Object(CakeRequest), Object(CakeResponse))
#2 /opt/lampp/htdocs/shop/app/webroot/index.php(108): Dispatcher->dispatch(Object(CakeRequest), Object(CakeResponse))
#3 {main}
